<?xml version="1.0" encoding="UTF-8"?>
<testsuite name="com.cegeka.tag.tagapi.TagapiApplicationTests" tests="1" skipped="0" failures="0" errors="0" timestamp="2019-08-25T13:19:29" hostname="192-168-0-100.rdsnet.ro" time="0.345">
  <properties/>
  <testcase name="contextLoads" classname="com.cegeka.tag.tagapi.TagapiApplicationTests" time="0.345"/>
  <system-out><![CDATA[16:19:21.535 [Test worker] DEBUG org.springframework.test.context.junit4.SpringJUnit4ClassRunner - SpringJUnit4ClassRunner constructor called with [class com.cegeka.tag.tagapi.TagapiApplicationTests]
16:19:21.555 [Test worker] DEBUG org.springframework.test.context.BootstrapUtils - Instantiating CacheAwareContextLoaderDelegate from class [org.springframework.test.context.cache.DefaultCacheAwareContextLoaderDelegate]
16:19:21.571 [Test worker] DEBUG org.springframework.test.context.BootstrapUtils - Instantiating BootstrapContext using constructor [public org.springframework.test.context.support.DefaultBootstrapContext(java.lang.Class,org.springframework.test.context.CacheAwareContextLoaderDelegate)]
16:19:21.599 [Test worker] DEBUG org.springframework.test.context.BootstrapUtils - Instantiating TestContextBootstrapper for test class [com.cegeka.tag.tagapi.TagapiApplicationTests] from class [org.springframework.boot.test.context.SpringBootTestContextBootstrapper]
16:19:21.620 [Test worker] INFO org.springframework.boot.test.context.SpringBootTestContextBootstrapper - Neither @ContextConfiguration nor @ContextHierarchy found for test class [com.cegeka.tag.tagapi.TagapiApplicationTests], using SpringBootContextLoader
16:19:21.624 [Test worker] DEBUG org.springframework.test.context.support.AbstractContextLoader - Did not detect default resource location for test class [com.cegeka.tag.tagapi.TagapiApplicationTests]: class path resource [com/cegeka/tag/tagapi/TagapiApplicationTests-context.xml] does not exist
16:19:21.624 [Test worker] DEBUG org.springframework.test.context.support.AbstractContextLoader - Did not detect default resource location for test class [com.cegeka.tag.tagapi.TagapiApplicationTests]: class path resource [com/cegeka/tag/tagapi/TagapiApplicationTestsContext.groovy] does not exist
16:19:21.625 [Test worker] INFO org.springframework.test.context.support.AbstractContextLoader - Could not detect default resource locations for test class [com.cegeka.tag.tagapi.TagapiApplicationTests]: no resource found for suffixes {-context.xml, Context.groovy}.
16:19:21.626 [Test worker] INFO org.springframework.test.context.support.AnnotationConfigContextLoaderUtils - Could not detect default configuration classes for test class [com.cegeka.tag.tagapi.TagapiApplicationTests]: TagapiApplicationTests does not declare any static, non-private, non-final, nested classes annotated with @Configuration.
16:19:21.711 [Test worker] DEBUG org.springframework.test.context.support.ActiveProfilesUtils - Could not find an 'annotation declaring class' for annotation type [org.springframework.test.context.ActiveProfiles] and class [com.cegeka.tag.tagapi.TagapiApplicationTests]
16:19:21.825 [Test worker] DEBUG org.springframework.context.annotation.ClassPathScanningCandidateComponentProvider - Identified candidate component class: file [/Users/adi/dev/cegeka/tag/tagapi/build/classes/java/main/com/cegeka/tag/tagapi/TagapiApplication.class]
16:19:21.827 [Test worker] INFO org.springframework.boot.test.context.SpringBootTestContextBootstrapper - Found @SpringBootConfiguration com.cegeka.tag.tagapi.TagapiApplication for test class com.cegeka.tag.tagapi.TagapiApplicationTests
16:19:21.971 [Test worker] DEBUG org.springframework.boot.test.context.SpringBootTestContextBootstrapper - @TestExecutionListeners is not present for class [com.cegeka.tag.tagapi.TagapiApplicationTests]: using defaults.
16:19:21.972 [Test worker] INFO org.springframework.boot.test.context.SpringBootTestContextBootstrapper - Loaded default TestExecutionListener class names from location [META-INF/spring.factories]: [org.springframework.boot.test.autoconfigure.restdocs.RestDocsTestExecutionListener, org.springframework.boot.test.autoconfigure.web.client.MockRestServiceServerResetTestExecutionListener, org.springframework.boot.test.autoconfigure.web.servlet.MockMvcPrintOnlyOnFailureTestExecutionListener, org.springframework.boot.test.autoconfigure.web.servlet.WebDriverTestExecutionListener, org.springframework.boot.test.mock.mockito.MockitoTestExecutionListener, org.springframework.boot.test.mock.mockito.ResetMocksTestExecutionListener, org.springframework.test.context.web.ServletTestExecutionListener, org.springframework.test.context.support.DirtiesContextBeforeModesTestExecutionListener, org.springframework.test.context.support.DependencyInjectionTestExecutionListener, org.springframework.test.context.support.DirtiesContextTestExecutionListener, org.springframework.test.context.transaction.TransactionalTestExecutionListener, org.springframework.test.context.jdbc.SqlScriptsTestExecutionListener]
16:19:21.999 [Test worker] INFO org.springframework.boot.test.context.SpringBootTestContextBootstrapper - Using TestExecutionListeners: [org.springframework.test.context.web.ServletTestExecutionListener@19cf2077, org.springframework.test.context.support.DirtiesContextBeforeModesTestExecutionListener@7034b264, org.springframework.boot.test.mock.mockito.MockitoTestExecutionListener@7d818303, org.springframework.boot.test.autoconfigure.SpringBootDependencyInjectionTestExecutionListener@1f329729, org.springframework.test.context.support.DirtiesContextTestExecutionListener@7f9ec020, org.springframework.test.context.transaction.TransactionalTestExecutionListener@2aecfa25, org.springframework.test.context.jdbc.SqlScriptsTestExecutionListener@5b84ede0, org.springframework.boot.test.autoconfigure.restdocs.RestDocsTestExecutionListener@5084b266, org.springframework.boot.test.autoconfigure.web.client.MockRestServiceServerResetTestExecutionListener@5992f796, org.springframework.boot.test.autoconfigure.web.servlet.MockMvcPrintOnlyOnFailureTestExecutionListener@14621353, org.springframework.boot.test.autoconfigure.web.servlet.WebDriverTestExecutionListener@68f507d2, org.springframework.boot.test.mock.mockito.ResetMocksTestExecutionListener@1d178f28]
16:19:22.004 [Test worker] DEBUG org.springframework.test.annotation.ProfileValueUtils - Retrieved @ProfileValueSourceConfiguration [null] for test class [com.cegeka.tag.tagapi.TagapiApplicationTests]
16:19:22.005 [Test worker] DEBUG org.springframework.test.annotation.ProfileValueUtils - Retrieved ProfileValueSource type [class org.springframework.test.annotation.SystemProfileValueSource] for class [com.cegeka.tag.tagapi.TagapiApplicationTests]
16:19:22.008 [Test worker] DEBUG org.springframework.test.annotation.ProfileValueUtils - Retrieved @ProfileValueSourceConfiguration [null] for test class [com.cegeka.tag.tagapi.TagapiApplicationTests]
16:19:22.008 [Test worker] DEBUG org.springframework.test.annotation.ProfileValueUtils - Retrieved ProfileValueSource type [class org.springframework.test.annotation.SystemProfileValueSource] for class [com.cegeka.tag.tagapi.TagapiApplicationTests]
16:19:22.017 [Test worker] DEBUG org.springframework.test.context.support.AbstractDirtiesContextTestExecutionListener - Before test class: context [DefaultTestContext@b96b80e testClass = TagapiApplicationTests, testInstance = [null], testMethod = [null], testException = [null], mergedContextConfiguration = [WebMergedContextConfiguration@bd2af58 testClass = TagapiApplicationTests, locations = '{}', classes = '{class com.cegeka.tag.tagapi.TagapiApplication}', contextInitializerClasses = '[]', activeProfiles = '{}', propertySourceLocations = '{}', propertySourceProperties = '{org.springframework.boot.test.context.SpringBootTestContextBootstrapper=true}', contextCustomizers = set[org.springframework.boot.test.autoconfigure.properties.PropertyMappingContextCustomizer@0, org.springframework.boot.test.autoconfigure.web.servlet.WebDriverContextCustomizerFactory$Customizer@623c8699, org.springframework.boot.test.context.filter.ExcludeFilterContextCustomizer@2afa222e, org.springframework.boot.test.json.DuplicateJsonObjectContextCustomizerFactory$DuplicateJsonObjectContextCustomizer@286addf0, org.springframework.boot.test.mock.mockito.MockitoContextCustomizer@0, org.springframework.boot.test.web.client.TestRestTemplateContextCustomizer@4cde1ea9], resourceBasePath = 'src/main/webapp', contextLoader = 'org.springframework.boot.test.context.SpringBootContextLoader', parent = [null]], attributes = map['org.springframework.test.context.web.ServletTestExecutionListener.activateListener' -> true]], class annotated with @DirtiesContext [false] with mode [null].
16:19:22.021 [Test worker] DEBUG org.springframework.test.annotation.ProfileValueUtils - Retrieved @ProfileValueSourceConfiguration [null] for test class [com.cegeka.tag.tagapi.TagapiApplicationTests]
16:19:22.022 [Test worker] DEBUG org.springframework.test.annotation.ProfileValueUtils - Retrieved ProfileValueSource type [class org.springframework.test.annotation.SystemProfileValueSource] for class [com.cegeka.tag.tagapi.TagapiApplicationTests]
16:19:22.059 [Test worker] DEBUG org.springframework.test.context.support.TestPropertySourceUtils - Adding inlined properties to environment: {spring.jmx.enabled=false, org.springframework.boot.test.context.SpringBootTestContextBootstrapper=true, server.port=-1}

  .   ____          _            __ _ _
 /\\ / ___'_ __ _ _(_)_ __  __ _ \ \ \ \
( ( )\___ | '_ | '_| | '_ \/ _` | \ \ \ \
 \\/  ___)| |_)| | | | | || (_| |  ) ) ) )
  '  |____| .__|_| |_|_| |_\__, | / / / /
 =========|_|==============|___/=/_/_/_/
 :: Spring Boot ::        (v2.1.5.RELEASE)

2019-08-25 16:19:22.541  INFO 16266 --- [    Test worker] c.c.tag.tagapi.TagapiApplicationTests    : Starting TagapiApplicationTests on 192-168-0-100.rdsnet.ro with PID 16266 (started by adi in /Users/adi/dev/cegeka/tag/tagapi)
2019-08-25 16:19:22.549  INFO 16266 --- [    Test worker] c.c.tag.tagapi.TagapiApplicationTests    : No active profile set, falling back to default profiles: default
2019-08-25 16:19:24.126  INFO 16266 --- [    Test worker] .s.d.r.c.RepositoryConfigurationDelegate : Bootstrapping Spring Data repositories in DEFAULT mode.
2019-08-25 16:19:24.408  INFO 16266 --- [    Test worker] .s.d.r.c.RepositoryConfigurationDelegate : Finished Spring Data repository scanning in 270ms. Found 4 repository interfaces.
2019-08-25 16:19:26.471  INFO 16266 --- [    Test worker] org.mongodb.driver.cluster               : Cluster created with settings {hosts=[127.0.0.1:27017], mode=SINGLE, requiredClusterType=UNKNOWN, serverSelectionTimeout='30000 ms', maxWaitQueueSize=500}
2019-08-25 16:19:26.739  INFO 16266 --- [127.0.0.1:27017] org.mongodb.driver.connection            : Opened connection [connectionId{localValue:1, serverValue:4}] to 127.0.0.1:27017
2019-08-25 16:19:26.755  INFO 16266 --- [127.0.0.1:27017] org.mongodb.driver.cluster               : Monitor thread successfully connected to server with description ServerDescription{address=127.0.0.1:27017, type=STANDALONE, state=CONNECTED, ok=true, version=ServerVersion{versionList=[4, 0, 3]}, minWireVersion=0, maxWireVersion=7, maxDocumentSize=16777216, logicalSessionTimeoutMinutes=30, roundTripTimeNanos=12253680}
2019-08-25 16:19:28.121  INFO 16266 --- [    Test worker] o.s.s.web.DefaultSecurityFilterChain     : Creating filter chain: any request, [org.springframework.security.web.context.request.async.WebAsyncManagerIntegrationFilter@38a9a10f, org.springframework.security.web.context.SecurityContextPersistenceFilter@78425712, org.springframework.security.web.header.HeaderWriterFilter@7c63ac5d, org.springframework.web.filter.CorsFilter@9fd74c4, org.springframework.security.web.authentication.logout.LogoutFilter@103227ba, com.cegeka.tag.tagapi.JwtAuthenticationFilter@1818ca5d, org.springframework.security.web.savedrequest.RequestCacheAwareFilter@79e5169f, org.springframework.security.web.servletapi.SecurityContextHolderAwareRequestFilter@a0e17c4, org.springframework.security.web.authentication.AnonymousAuthenticationFilter@7eb0d1a4, org.springframework.security.web.session.SessionManagementFilter@6f10c9cf, org.springframework.security.web.access.ExceptionTranslationFilter@3c20b878, org.springframework.security.web.access.intercept.FilterSecurityInterceptor@284ec0e7]
2019-08-25 16:19:29.844  INFO 16266 --- [    Test worker] c.c.tag.tagapi.TagapiApplicationTests    : Started TagapiApplicationTests in 7.771 seconds (JVM running for 9.439)
]]></system-out>
  <system-err><![CDATA[]]></system-err>
</testsuite>
